=== Starting Pre-Flight Diagnostics ===
Host OS detected: Linux 6.8.0
Python Version detected: 3.12.13
✓ Environment and OS verification PASSED.
✓ Hardware check: Simulation interface available (Simulation Mode)
Loaded vehicle status from: /app/config/vehicle_status.json
Vehicle parameters to evaluate:
  Model:            Tesla_Model_3_LR
  Firmware Version: v2024.12.15
  Battery SOH:      92.5%
  Temperature:      25.0°C
  Voltage:          355.0V
  SOC:              65.0%
✓ Model 'Tesla_Model_3_LR' is verified and fully supported (Tesla Model 3 Long Range).
✓ Firmware 'v2024.12.15' matches supported profile requirements.
✓ All health, temperature, voltage, and SOC metrics are within safe boundaries.
=== Pre-Flight Diagnostics Completed Successfully ===
=== Starting Pre-Flight Diagnostics ===
Host OS detected: Linux 6.8.0
Python Version detected: 3.12.13
✓ Environment and OS verification PASSED.
✓ Hardware check: Simulation interface available (Simulation Mode)
Loaded vehicle status from: /app/config/vehicle_status.json
Vehicle parameters to evaluate:
  Model:            Tesla_Model_3_LR
  Firmware Version: v2024.12.15
  Battery SOH:      92.5%
  Temperature:      50.0°C
  Voltage:          355.0V
  SOC:              65.0%
✓ Model 'Tesla_Model_3_LR' is verified and fully supported (Tesla Model 3 Long Range).
✓ Firmware 'v2024.12.15' matches supported profile requirements.
CRITICAL: Diagnostics failed with the following safety violations:
  - Battery temperature (50.0°C) is outside safe range (allowed: 0.0°C to 45.0°C)
Installation or execution blocked for vehicle safety.
=== Starting Pre-Flight Diagnostics ===
Host OS detected: Linux 6.8.0
Python Version detected: 3.12.13
✓ Environment and OS verification PASSED.
✓ Hardware check: Simulation interface available (Simulation Mode)
Loaded vehicle status from: /app/config/vehicle_status.json
Vehicle parameters to evaluate:
  Model:            Tesla_Model_3_LR
  Firmware Version: v2024.12.15
  Battery SOH:      92.5%
  Temperature:      25.0°C
  Voltage:          355.0V
  SOC:              65.0%
✓ Model 'Tesla_Model_3_LR' is verified and fully supported (Tesla Model 3 Long Range).
✓ Firmware 'v2024.12.15' matches supported profile requirements.
✓ All health, temperature, voltage, and SOC metrics are within safe boundaries.
=== Pre-Flight Diagnostics Completed Successfully ===
=== Starting Pre-Flight Diagnostics ===
Host OS detected: Linux 6.8.0
Python Version detected: 3.12.13
✓ Environment and OS verification PASSED.
✓ Hardware check: Simulation interface available (Simulation Mode)
Loaded vehicle status from: /app/config/vehicle_status.json
Vehicle parameters to evaluate:
  Model:            Tesla_Model_3_LR
  Firmware Version: v2024.12.15
  Battery SOH:      92.5%
  Temperature:      25.0°C
  Voltage:          355.0V
  SOC:              65.0%
✓ Model 'Tesla_Model_3_LR' is verified and fully supported (Tesla Model 3 Long Range).
✓ Firmware 'v2024.12.15' matches supported profile requirements.
✓ All health, temperature, voltage, and SOC metrics are within safe boundaries.
=== Pre-Flight Diagnostics Completed Successfully ===
=== Starting Pre-Flight Diagnostics ===
Host OS detected: Linux 6.8.0
Python Version detected: 3.12.13
✓ Environment and OS verification PASSED.
✓ Hardware check: Simulation interface available (Simulation Mode)
Loaded vehicle status from: /app/config/vehicle_status.json
Vehicle parameters to evaluate:
  Model:            Tesla_Model_3_LR
  Firmware Version: v2024.12.15
  Battery SOH:      92.5%
  Temperature:      25.0°C
  Voltage:          355.0V
  SOC:              65.0%
✓ Model 'Tesla_Model_3_LR' is verified and fully supported (Tesla Model 3 Long Range).
✓ Firmware 'v2024.12.15' matches supported profile requirements.
✓ All health, temperature, voltage, and SOC metrics are within safe boundaries.
=== Pre-Flight Diagnostics Completed Successfully ===
=== Starting Pre-Flight Diagnostics ===
Host OS detected: Linux 6.8.0
Python Version detected: 3.12.3
✓ Environment and OS verification PASSED.
✓ Hardware check: Simulation interface available (Simulation Mode)
Loaded vehicle status from: /app/config/vehicle_status.json
Vehicle parameters to evaluate:
  Model:            Tesla_Model_3_LR
  Firmware Version: v2024.12.15
  Battery SOH:      92.5%
  Temperature:      25.0°C
  Voltage:          355.0V
  SOC:              65.0%
✓ Model 'Tesla_Model_3_LR' is verified and fully supported (Tesla Model 3 Long Range).
✓ Firmware 'v2024.12.15' matches supported profile requirements.
✓ All health, temperature, voltage, and SOC metrics are within safe boundaries.
=== Pre-Flight Diagnostics Completed Successfully ===
=== Starting Pre-Flight Diagnostics ===
Host OS detected: Linux 6.8.0
Python Version detected: 3.12.3
✓ Environment and OS verification PASSED.
✓ Hardware check: Simulation interface available (Simulation Mode)
Loaded vehicle status from: /app/config/vehicle_status.json
Vehicle parameters to evaluate:
  Model:            Tesla_Model_3_LR
  Firmware Version: v2024.12.15
  Battery SOH:      92.5%
  Temperature:      25.0°C
  Voltage:          355.0V
  SOC:              65.0%
✓ Model 'Tesla_Model_3_LR' is verified and fully supported (Tesla Model 3 Long Range).
✓ Firmware 'v2024.12.15' matches supported profile requirements.
✓ All health, temperature, voltage, and SOC metrics are within safe boundaries.
=== Pre-Flight Diagnostics Completed Successfully ===
=== Starting Pre-Flight Diagnostics ===
Host OS detected: Linux 6.8.0
Python Version detected: 3.12.3
✓ Environment and OS verification PASSED.
✓ Hardware check: Simulation interface available (Simulation Mode)
Loaded vehicle status from: /app/config/vehicle_status.json
Vehicle parameters to evaluate:
  Model:            Tesla_Model_3_LR
  Firmware Version: v2024.12.15
  Battery SOH:      92.5%
  Temperature:      25.0°C
  Voltage:          355.0V
  SOC:              65.0%
✓ Model 'Tesla_Model_3_LR' is verified and fully supported (Tesla Model 3 Long Range).
✓ Firmware 'v2024.12.15' matches supported profile requirements.
✓ All health, temperature, voltage, and SOC metrics are within safe boundaries.
=== Pre-Flight Diagnostics Completed Successfully ===
=== Starting Pre-Flight Diagnostics ===
Host OS detected: Linux 6.8.0
Python Version detected: 3.12.3
✓ Environment and OS verification PASSED.
✓ Hardware check: Simulation interface available (Simulation Mode)
Loaded vehicle status from: /opt/hlv_enhancement/config/vehicle_status.json
Vehicle parameters to evaluate:
  Model:            Tesla_Model_3_LR
  Firmware Version: v2024.12.15
  Battery SOH:      92.5%
  Temperature:      25.0°C
  Voltage:          355.0V
  SOC:              65.0%
✓ Model 'Tesla_Model_3_LR' is verified and fully supported (Tesla Model 3 Long Range).
✓ Firmware 'v2024.12.15' matches supported profile requirements.
✓ All health, temperature, voltage, and SOC metrics are within safe boundaries.
=== Pre-Flight Diagnostics Completed Successfully ===
=== Starting Pre-Flight Diagnostics ===
Host OS detected: Linux 6.8.0
Python Version detected: 3.12.13
✓ Environment and OS verification PASSED.
✓ Hardware check: Simulation interface available (Simulation Mode)
Loaded vehicle status from: /opt/hlv_enhancement/config/vehicle_status.json
Vehicle parameters to evaluate:
  Model:            Tesla_Cybertruck
  Firmware Version: v2024.12.1
  Battery SOH:      92.5%
  Temperature:      25.0°C
  Voltage:          800.0V
  SOC:              65.0%
✓ Model 'Tesla_Cybertruck' is verified and fully supported (Tesla Cybertruck).
✓ Firmware 'v2024.12.1' matches supported profile requirements.
✓ All health, temperature, voltage, and SOC metrics are within safe boundaries.
=== Pre-Flight Diagnostics Completed Successfully ===
=== Starting Pre-Flight Diagnostics ===
Host OS detected: Linux 6.8.0
Python Version detected: 3.12.3
✓ Environment and OS verification PASSED.
✓ Hardware check: Simulation interface available (Simulation Mode)
Loaded vehicle status from: /opt/hlv_enhancement/config/vehicle_status.json
Vehicle parameters to evaluate:
  Model:            Tesla_Model_3_LR
  Firmware Version: v2024.12.15
  Battery SOH:      92.5%
  Temperature:      25.0°C
  Voltage:          355.0V
  SOC:              65.0%
✓ Model 'Tesla_Model_3_LR' is verified and fully supported (Tesla Model 3 Long Range).
✓ Firmware 'v2024.12.15' matches supported profile requirements.
✓ All health, temperature, voltage, and SOC metrics are within safe boundaries.
=== Pre-Flight Diagnostics Completed Successfully ===
=== Starting Pre-Flight Diagnostics ===
Host OS detected: Linux 6.8.0
Python Version detected: 3.12.13
✓ Environment and OS verification PASSED.
✓ Hardware check: Simulation interface available (Simulation Mode)
Loaded vehicle status from: /opt/hlv_enhancement/config/vehicle_status.json
Vehicle parameters to evaluate:
  Model:            GM_Hummer_EV
  Firmware Version: GM_ULT_v1.5
  Battery SOH:      92.5%
  Temperature:      25.0°C
  Voltage:          790.0V
  SOC:              65.0%
✓ Model 'GM_Hummer_EV' is verified and fully supported (GM Hummer EV).
✓ Firmware 'GM_ULT_v1.5' matches supported profile requirements.
✓ All health, temperature, voltage, and SOC metrics are within safe boundaries.
=== Pre-Flight Diagnostics Completed Successfully ===
=== Starting Pre-Flight Diagnostics ===
Host OS detected: Linux 6.8.0
Python Version detected: 3.12.13
✓ Environment and OS verification PASSED.
✓ Hardware check: Simulation interface available (Simulation Mode)
Loaded vehicle status from: /opt/hlv_enhancement/config/vehicle_status.json
Vehicle parameters to evaluate:
  Model:            Ford_Fusion_Energi
  Firmware Version: F_FW_v2.1
  Battery SOH:      92.5%
  Temperature:      25.0°C
  Voltage:          320.0V
  SOC:              65.0%
✓ Model 'Ford_Fusion_Energi' is verified and fully supported (Ford Fusion Energi).
✓ Firmware 'F_FW_v2.1' matches supported profile requirements.
✓ All health, temperature, voltage, and SOC metrics are within safe boundaries.
=== Pre-Flight Diagnostics Completed Successfully ===
=== Starting Pre-Flight Diagnostics ===
Host OS detected: Linux 6.8.0
Python Version detected: 3.12.3
✓ Environment and OS verification PASSED.
✓ Hardware check: Simulation interface available (Simulation Mode)
Loaded vehicle status from: /opt/hlv_enhancement/config/vehicle_status.json
Vehicle parameters to evaluate:
  Model:            Tesla_Model_3_LR
  Firmware Version: v2024.12.15
  Battery SOH:      92.5%
  Temperature:      25.0°C
  Voltage:          355.0V
  SOC:              65.0%
✓ Model 'Tesla_Model_3_LR' is verified and fully supported (Tesla Model 3 Long Range).
✓ Firmware 'v2024.12.15' matches supported profile requirements.
✓ All health, temperature, voltage, and SOC metrics are within safe boundaries.
=== Pre-Flight Diagnostics Completed Successfully ===
=== Starting Pre-Flight Diagnostics ===
Host OS detected: Linux 6.8.0
Python Version detected: 3.12.13
✓ Environment and OS verification PASSED.
✓ Hardware check: Simulation interface available (Simulation Mode)
Loaded vehicle status from: /opt/hlv_enhancement/config/vehicle_status.json
Vehicle parameters to evaluate:
  Model:            GM_Hummer_electric
  Firmware Version: GM_ULT_v1.2
  Battery SOH:      92.5%
  Temperature:      25.0°C
  Voltage:          780.0V
  SOC:              65.0%
✓ Model 'GM_Hummer_electric' is verified and fully supported (GM Hummer electric).
✓ Firmware 'GM_ULT_v1.2' matches supported profile requirements.
✓ All health, temperature, voltage, and SOC metrics are within safe boundaries.
=== Pre-Flight Diagnostics Completed Successfully ===
=== Starting Pre-Flight Diagnostics ===
Host OS detected: Linux 6.8.0
Python Version detected: 3.12.13
✓ Environment and OS verification PASSED.
✓ Hardware check: Simulation interface available (Simulation Mode)
Loaded vehicle status from: /opt/hlv_enhancement/config/vehicle_status.json
Vehicle parameters to evaluate:
  Model:            Ford_Fusion
  Firmware Version: F_FW_v3.0
  Battery SOH:      92.5%
  Temperature:      25.0°C
  Voltage:          335.0V
  SOC:              65.0%
✓ Model 'Ford_Fusion' is verified and fully supported (Ford Fusion).
✓ Firmware 'F_FW_v3.0' matches supported profile requirements.
✓ All health, temperature, voltage, and SOC metrics are within safe boundaries.
=== Pre-Flight Diagnostics Completed Successfully ===
=== Starting Pre-Flight Diagnostics ===
Host OS detected: Linux 6.8.0
Python Version detected: 3.12.3
✓ Environment and OS verification PASSED.
✓ Hardware check: Simulation interface available (Simulation Mode)
Loaded vehicle status from: /opt/hlv_enhancement/config/vehicle_status.json
Vehicle parameters to evaluate:
  Model:            Tesla_Model_3_LR
  Firmware Version: v2024.12.15
  Battery SOH:      92.5%
  Temperature:      25.0°C
  Voltage:          355.0V
  SOC:              65.0%
✓ Model 'Tesla_Model_3_LR' is verified and fully supported (Tesla Model 3 Long Range).
✓ Firmware 'v2024.12.15' matches supported profile requirements.
✓ All health, temperature, voltage, and SOC metrics are within safe boundaries.
=== Pre-Flight Diagnostics Completed Successfully ===
=== Starting Pre-Flight Diagnostics ===
Host OS detected: Linux 6.8.0
Python Version detected: 3.12.3
✓ Environment and OS verification PASSED.
✓ Hardware check: Simulation interface available (Simulation Mode)
Loaded vehicle status from: /opt/hlv_enhancement/config/vehicle_status.json
Applying simulated status preset for model: Tesla_Model_3_LR
Vehicle parameters to evaluate:
  Model:            Tesla_Model_3_LR
  Firmware Version: v2024.12.15
  Battery SOH:      92.5%
  Temperature:      25.0°C
  Voltage:          355.0V
  SOC:              65.0%
✓ Model 'Tesla_Model_3_LR' is verified and fully supported (Tesla Model 3 Long Range).
✓ Firmware 'v2024.12.15' matches supported profile requirements.
✓ All health, temperature, voltage, and SOC metrics are within safe boundaries.
=== Pre-Flight Diagnostics Completed Successfully ===
=== Starting Pre-Flight Diagnostics ===
Host OS detected: Linux 6.8.0
Python Version detected: 3.12.13
✓ Environment and OS verification PASSED.
✓ Hardware check: Simulation interface available (Simulation Mode)
Loaded vehicle status from: /opt/hlv_enhancement/config/vehicle_status.json
Applying simulated status preset for model: GM_Hummer_electric
Vehicle parameters to evaluate:
  Model:            GM_Hummer_electric
  Firmware Version: GM_ULT_v1.2
  Battery SOH:      95.0%
  Temperature:      23.0°C
  Voltage:          785.0V
  SOC:              62.0%
✓ Model 'GM_Hummer_electric' is verified and fully supported (GM Hummer electric).
✓ Firmware 'GM_ULT_v1.2' matches supported profile requirements.
✓ All health, temperature, voltage, and SOC metrics are within safe boundaries.
=== Pre-Flight Diagnostics Completed Successfully ===
=== Starting Pre-Flight Diagnostics ===
Host OS detected: Linux 6.8.0
Python Version detected: 3.12.13
✓ Environment and OS verification PASSED.
✓ Hardware check: Simulation interface available (Simulation Mode)
Loaded vehicle status from: /opt/hlv_enhancement/config/vehicle_status.json
Applying simulated status preset for model: Ford_Fusion
Vehicle parameters to evaluate:
  Model:            Ford_Fusion
  Firmware Version: F_FW_v3.0
  Battery SOH:      90.0%
  Temperature:      20.0°C
  Voltage:          330.0V
  SOC:              50.0%
✓ Model 'Ford_Fusion' is verified and fully supported (Ford Fusion).
✓ Firmware 'F_FW_v3.0' matches supported profile requirements.
✓ All health, temperature, voltage, and SOC metrics are within safe boundaries.
=== Pre-Flight Diagnostics Completed Successfully ===
[devbox] === Initiating Safe Update Process ===
[devbox] Running pre-update diagnostics on active vehicle...
[devbox] Running command: /usr/bin/python3 scripts/diagnostics.py
=== Starting Pre-Flight Diagnostics ===
Host OS detected: Linux 6.8.0
Python Version detected: 3.12.3
✓ Environment and OS verification PASSED.
✓ Hardware check: Simulation interface available (Simulation Mode)
Loaded vehicle status from: /app/config/vehicle_status.json
Applying simulated status preset for model: Tesla_Model_3_LR
Vehicle parameters to evaluate:
  Model:            Tesla_Model_3_LR
  Firmware Version: v2024.12.15
  Battery SOH:      92.5%
  Temperature:      25.0°C
  Voltage:          355.0V
  SOC:              65.0%
✓ Model 'Tesla_Model_3_LR' is verified and fully supported (Tesla Model 3 Long Range).
✓ Firmware 'v2024.12.15' matches supported profile requirements.
✓ All health, temperature, voltage, and SOC metrics are within safe boundaries.
=== Pre-Flight Diagnostics Completed Successfully ===
[devbox] Git repository detected. Attempting git-based update...
[devbox] Running command: git pull origin main
[devbox] ✓ Git pull completed successfully.
[devbox] Compiling high-performance binaries for the updated release...
[devbox] Running command: cmake -B build -DCMAKE_BUILD_TYPE=Release
[devbox] Command failed with code 1
[devbox] stdout: -- The CXX compiler identification is GNU 13.3.0
-- Detecting CXX compiler ABI info
-- Detecting CXX compiler ABI info - done
-- Check for working CXX compiler: /usr/bin/c++ - skipped
-- Detecting CXX compile features
-- Detecting CXX compile features - done
-- pybind11 v2.12.0
-- Found PythonInterp: /usr/bin/python3 (found suitable version "3.12.3", minimum required is "3.6")
-- Found PythonLibs: python3.12
-- Performing Test HAS_FLTO
-- Performing Test HAS_FLTO - Success
-- Building examples
-- Building tests
-- Building benchmarks
-- Configuring HLV Core Distribution Targets
--
-- =======================================
-- HLV Battery Enhancement Build Summary
-- =======================================
-- Version:        3.2.0
-- Build Type:     Release
-- C++ Standard:   17
--
-- Options:
--   Examples:     ON
--   Tests:        ON
--   Benchmarks:   ON
--   GPU Support:  OFF
--   Install:      ON
--
-- Install Prefix: /usr/local
-- =======================================
--
-- Configuring done (2.9s)
-- Generating done (0.0s)

[devbox] stderr: CMake Error in CMakeLists.txt:
  Imported target "pybind11::module" includes non-existent path

    "/usr/include/python3.12"

  in its INTERFACE_INCLUDE_DIRECTORIES.  Possible reasons include:

  * The path was deleted, renamed, or moved to another location.

  * An install or uninstall procedure did not complete successfully.

  * The installation package was faulty and references files it does not
  provide.



CMake Generate step failed.  Build files cannot be regenerated correctly.

[devbox] CRITICAL: CMake configuration failed for updated code. Restoring backup!
[devbox] === Initiating Safe Update Process ===
[devbox] Running pre-update diagnostics on active vehicle...
[devbox] Running command: /usr/bin/python3 scripts/diagnostics.py
=== Starting Pre-Flight Diagnostics ===
Host OS detected: Linux 6.8.0
Python Version detected: 3.12.3
✓ Environment and OS verification PASSED.
✓ Hardware check: Simulation interface available (Simulation Mode)
Loaded vehicle status from: /app/config/vehicle_status.json
Applying simulated status preset for model: Tesla_Model_3_LR
Vehicle parameters to evaluate:
  Model:            Tesla_Model_3_LR
  Firmware Version: v2024.12.15
  Battery SOH:      92.5%
  Temperature:      25.0°C
  Voltage:          355.0V
  SOC:              65.0%
✓ Model 'Tesla_Model_3_LR' is verified and fully supported (Tesla Model 3 Long Range).
✓ Firmware 'v2024.12.15' matches supported profile requirements.
✓ All health, temperature, voltage, and SOC metrics are within safe boundaries.
=== Pre-Flight Diagnostics Completed Successfully ===
[devbox] Git repository detected. Attempting git-based update...
[devbox] Running command: git pull origin main
[devbox] ✓ Git pull completed successfully.
[devbox] Compiling high-performance binaries for the updated release...
[devbox] Using Python executable for build: /home/jules/.pyenv/versions/3.12.13/bin/python3
[devbox] Running command: cmake -B build -DCMAKE_BUILD_TYPE=Release -DPYTHON_EXECUTABLE=/home/jules/.pyenv/versions/3.12.13/bin/python3
[devbox] Running command: cmake --build build
[devbox] ✓ Updated code compiled successfully. Deploying to /opt/hlv_enhancement...
[devbox] SUCCESS: Software update completed successfully and deployed.
=== Starting Pre-Flight Diagnostics ===
Host OS detected: Linux 6.8.0
Python Version detected: 3.12.13
✓ Environment and OS verification PASSED.
✓ Hardware check: Simulation interface available (Simulation Mode)
Loaded vehicle status from: /opt/hlv_enhancement/config/vehicle_status.json
Applying simulated status preset for model: Tesla_Model_3_LR
Vehicle parameters to evaluate:
  Model:            Tesla_Model_3_LR
  Firmware Version: v2024.12.15
  Battery SOH:      92.5%
  Temperature:      25.0°C
  Voltage:          355.0V
  SOC:              65.0%
✓ Model 'Tesla_Model_3_LR' is verified and fully supported (Tesla Model 3 Long Range).
✓ Firmware 'v2024.12.15' matches supported profile requirements.
✓ All health, temperature, voltage, and SOC metrics are within safe boundaries.
=== Pre-Flight Diagnostics Completed Successfully ===
=== Starting Pre-Flight Diagnostics ===
Host OS detected: Linux 6.8.0
Python Version detected: 3.12.3
✓ Environment and OS verification PASSED.
✓ Hardware check: Simulation interface available (Simulation Mode)
Loaded vehicle status from: /opt/hlv_enhancement/config/vehicle_status.json
Applying simulated status preset for model: Tesla_Model_3_LR
Vehicle parameters to evaluate:
  Model:            Tesla_Model_3_LR
  Firmware Version: v2024.12.15
  Battery SOH:      92.5%
  Temperature:      25.0°C
  Voltage:          355.0V
  SOC:              65.0%
✓ Model 'Tesla_Model_3_LR' is verified and fully supported (Tesla Model 3 Long Range).
✓ Firmware 'v2024.12.15' matches supported profile requirements.
✓ All health, temperature, voltage, and SOC metrics are within safe boundaries.
=== Pre-Flight Diagnostics Completed Successfully ===
=== Starting Pre-Flight Diagnostics ===
Host OS detected: Linux 6.8.0
Python Version detected: 3.12.3
✓ Environment and OS verification PASSED.
✓ Hardware check: Simulation interface available (Simulation Mode)
Loaded vehicle status from: /opt/hlv_enhancement/config/vehicle_status.json
Applying simulated status preset for model: Tesla_Model_3_LR
Vehicle parameters to evaluate:
  Model:            Tesla_Model_3_LR
  Firmware Version: v2024.12.15
  Battery SOH:      92.5%
  Temperature:      25.0°C
  Voltage:          355.0V
  SOC:              65.0%
✓ Model 'Tesla_Model_3_LR' is verified and fully supported (Tesla Model 3 Long Range).
✓ Firmware 'v2024.12.15' matches supported profile requirements.
✓ All health, temperature, voltage, and SOC metrics are within safe boundaries.
=== Pre-Flight Diagnostics Completed Successfully ===
=== Starting Pre-Flight Diagnostics ===
Host OS detected: Linux 6.8.0
Python Version detected: 3.12.3
✓ Environment and OS verification PASSED.
✓ Hardware check: Simulation interface available (Simulation Mode)
Loaded vehicle status from: /opt/hlv_enhancement/config/vehicle_status.json
Applying simulated status preset for model: Tesla_Model_3_LR
Vehicle parameters to evaluate:
  Model:            Tesla_Model_3_LR
  Firmware Version: v2024.12.15
  Battery SOH:      92.5%
  Temperature:      25.0°C
  Voltage:          355.0V
  SOC:              65.0%
✓ Model 'Tesla_Model_3_LR' is verified and fully supported (Tesla Model 3 Long Range).
✓ Firmware 'v2024.12.15' matches supported profile requirements.
✓ All health, temperature, voltage, and SOC metrics are within safe boundaries.
=== Pre-Flight Diagnostics Completed Successfully ===
=== Starting Pre-Flight Diagnostics ===
Host OS detected: Linux 6.8.0
Python Version detected: 3.12.3
✓ Environment and OS verification PASSED.
✓ Hardware check: Simulation interface available (Simulation Mode)
Loaded vehicle status from: /opt/hlv_enhancement/config/vehicle_status.json
Applying simulated status preset for model: Tesla_Model_3_LR
Vehicle parameters to evaluate:
  Model:            Tesla_Model_3_LR
  Firmware Version: v2024.12.15
  Battery SOH:      75.0%
  Temperature:      25.0°C
  Voltage:          355.0V
  SOC:              65.0%
✓ Model 'Tesla_Model_3_LR' is verified and fully supported (Tesla Model 3 Long Range).
✓ Firmware 'v2024.12.15' matches supported profile requirements.
CRITICAL: Diagnostics failed with the following safety violations:
  - Battery SOH (75.0%) is below safe enhancement threshold (min: 80.0%)
Installation or execution blocked for vehicle safety.
=== Starting Pre-Flight Diagnostics ===
Host OS detected: Linux 6.8.0
Python Version detected: 3.12.3
✓ Environment and OS verification PASSED.
✓ Hardware check: Simulation interface available (Simulation Mode)
Loaded vehicle status from: /opt/hlv_enhancement/config/vehicle_status.json
Applying simulated status preset for model: Tesla_Model_3_LR
Vehicle parameters to evaluate:
  Model:            Tesla_Model_3_LR
  Firmware Version: v2024.12.15
  Battery SOH:      92.5%
  Temperature:      25.0°C
  Voltage:          355.0V
  SOC:              65.0%
✓ Model 'Tesla_Model_3_LR' is verified and fully supported (Tesla Model 3 Long Range).
✓ Firmware 'v2024.12.15' matches supported profile requirements.
✓ All health, temperature, voltage, and SOC metrics are within safe boundaries.
=== Pre-Flight Diagnostics Completed Successfully ===
=== Starting Pre-Flight Diagnostics ===
Host OS detected: Linux 6.8.0
Python Version detected: 3.12.3
✓ Environment and OS verification PASSED.
✓ Hardware check: Simulation interface available (Simulation Mode)
Loaded vehicle status from: /opt/hlv_enhancement/config/vehicle_status.json
Applying simulated status preset for model: Tesla_Model_3_LR
Vehicle parameters to evaluate:
  Model:            Tesla_Model_3_LR
  Firmware Version: v2024.12.15
  Battery SOH:      92.5%
  Temperature:      25.0°C
  Voltage:          355.0V
  SOC:              90.1%
✓ Model 'Tesla_Model_3_LR' is verified and fully supported (Tesla Model 3 Long Range).
✓ Firmware 'v2024.12.15' matches supported profile requirements.
CRITICAL: Diagnostics failed with the following safety violations:
  - Battery State of Charge (90.1%) is outside ideal installation range (allowed: 20.0% to 90.0%)
Installation or execution blocked for vehicle safety.
=== Starting Pre-Flight Diagnostics ===
Host OS detected: Linux 6.8.0
Python Version detected: 3.12.3
✓ Environment and OS verification PASSED.
✓ Hardware check: Simulation interface available (Simulation Mode)
Loaded vehicle status from: /opt/hlv_enhancement/config/vehicle_status.json
Applying simulated status preset for model: Tesla_Model_3_LR
Vehicle parameters to evaluate:
  Model:            Tesla_Model_3_LR
  Firmware Version: v2024.12.15
  Battery SOH:      92.5%
  Temperature:      25.0°C
  Voltage:          355.0V
  SOC:              19.9%
✓ Model 'Tesla_Model_3_LR' is verified and fully supported (Tesla Model 3 Long Range).
✓ Firmware 'v2024.12.15' matches supported profile requirements.
CRITICAL: Diagnostics failed with the following safety violations:
  - Battery State of Charge (19.9%) is outside ideal installation range (allowed: 20.0% to 90.0%)
Installation or execution blocked for vehicle safety.
=== Starting Pre-Flight Diagnostics ===
Host OS detected: Linux 6.8.0
Python Version detected: 3.12.3
✓ Environment and OS verification PASSED.
✓ Hardware check: Simulation interface available (Simulation Mode)
Loaded vehicle status from: /opt/hlv_enhancement/config/vehicle_status.json
Applying simulated status preset for model: Tesla_Model_3_LR
Vehicle parameters to evaluate:
  Model:            Tesla_Model_3_LR
  Firmware Version: v2024.12.15
  Battery SOH:      92.5%
  Temperature:      25.0°C
  Voltage:          355.0V
  SOC:              20.0%
✓ Model 'Tesla_Model_3_LR' is verified and fully supported (Tesla Model 3 Long Range).
✓ Firmware 'v2024.12.15' matches supported profile requirements.
✓ All health, temperature, voltage, and SOC metrics are within safe boundaries.
=== Pre-Flight Diagnostics Completed Successfully ===
=== Starting Pre-Flight Diagnostics ===
Host OS detected: Linux 6.8.0
Python Version detected: 3.12.3
✓ Environment and OS verification PASSED.
✓ Hardware check: Simulation interface available (Simulation Mode)
Loaded vehicle status from: /opt/hlv_enhancement/config/vehicle_status.json
Applying simulated status preset for model: Tesla_Model_3_LR
Vehicle parameters to evaluate:
  Model:            Tesla_Model_3_LR
  Firmware Version: v2024.12.15
  Battery SOH:      92.5%
  Temperature:      25.0°C
  Voltage:          355.0V
  SOC:              90.0%
✓ Model 'Tesla_Model_3_LR' is verified and fully supported (Tesla Model 3 Long Range).
✓ Firmware 'v2024.12.15' matches supported profile requirements.
✓ All health, temperature, voltage, and SOC metrics are within safe boundaries.
=== Pre-Flight Diagnostics Completed Successfully ===
=== Starting Pre-Flight Diagnostics ===
Host OS detected: Linux 6.8.0
Python Version detected: 3.12.3
✓ Environment and OS verification PASSED.
✓ Hardware check: Simulation interface available (Simulation Mode)
Loaded vehicle status from: /opt/hlv_enhancement/config/vehicle_status.json
Applying simulated status preset for model: Tesla_Model_3_LR
Vehicle parameters to evaluate:
  Model:            Tesla_Model_3_LR
  Firmware Version: v2024.12.15
  Battery SOH:      79.9%
  Temperature:      25.0°C
  Voltage:          355.0V
  SOC:              65.0%
✓ Model 'Tesla_Model_3_LR' is verified and fully supported (Tesla Model 3 Long Range).
✓ Firmware 'v2024.12.15' matches supported profile requirements.
CRITICAL: Diagnostics failed with the following safety violations:
  - Battery SOH (79.9%) is below safe enhancement threshold (min: 80.0%)
Installation or execution blocked for vehicle safety.
=== Starting Pre-Flight Diagnostics ===
Host OS detected: Linux 6.8.0
Python Version detected: 3.12.3
✓ Environment and OS verification PASSED.
✓ Hardware check: Simulation interface available (Simulation Mode)
Loaded vehicle status from: /opt/hlv_enhancement/config/vehicle_status.json
Applying simulated status preset for model: Tesla_Model_3_LR
Vehicle parameters to evaluate:
  Model:            Tesla_Model_3_LR
  Firmware Version: v2024.12.15
  Battery SOH:      80.0%
  Temperature:      25.0°C
  Voltage:          355.0V
  SOC:              65.0%
✓ Model 'Tesla_Model_3_LR' is verified and fully supported (Tesla Model 3 Long Range).
✓ Firmware 'v2024.12.15' matches supported profile requirements.
✓ All health, temperature, voltage, and SOC metrics are within safe boundaries.
=== Pre-Flight Diagnostics Completed Successfully ===
=== Starting Pre-Flight Diagnostics ===
Host OS detected: Linux 6.8.0
Python Version detected: 3.12.3
✓ Environment and OS verification PASSED.
✓ Hardware check: Simulation interface available (Simulation Mode)
Loaded vehicle status from: /opt/hlv_enhancement/config/vehicle_status.json
Applying simulated status preset for model: Tesla_Model_3_LR
Vehicle parameters to evaluate:
  Model:            Tesla_Model_3_LR
  Firmware Version: v2024.12.15
  Battery SOH:      90.0%
  Temperature:      25.0°C
  Voltage:          355.0V
  SOC:              65.0%
✓ Model 'Tesla_Model_3_LR' is verified and fully supported (Tesla Model 3 Long Range).
✓ Firmware 'v2024.12.15' matches supported profile requirements.
✓ All health, temperature, voltage, and SOC metrics are within safe boundaries.
=== Pre-Flight Diagnostics Completed Successfully ===
=== Starting Pre-Flight Diagnostics ===
Host OS detected: Linux 6.8.0
Python Version detected: 3.12.3
✓ Environment and OS verification PASSED.
✓ Hardware check: Simulation interface available (Simulation Mode)
Loaded vehicle status from: /opt/hlv_enhancement/config/vehicle_status.json
Applying simulated status preset for model: Tesla_Model_3_LR
Vehicle parameters to evaluate:
  Model:            Tesla_Model_3_LR
  Firmware Version: v2024.12.15
  Battery SOH:      92.5%
  Temperature:      45.1°C
  Voltage:          355.0V
  SOC:              65.0%
✓ Model 'Tesla_Model_3_LR' is verified and fully supported (Tesla Model 3 Long Range).
✓ Firmware 'v2024.12.15' matches supported profile requirements.
CRITICAL: Diagnostics failed with the following safety violations:
  - Battery temperature (45.1°C) is outside safe range (allowed: 0.0°C to 45.0°C)
Installation or execution blocked for vehicle safety.
=== Starting Pre-Flight Diagnostics ===
Host OS detected: Linux 6.8.0
Python Version detected: 3.12.3
✓ Environment and OS verification PASSED.
✓ Hardware check: Simulation interface available (Simulation Mode)
Loaded vehicle status from: /opt/hlv_enhancement/config/vehicle_status.json
Applying simulated status preset for model: Tesla_Model_3_LR
Vehicle parameters to evaluate:
  Model:            Tesla_Model_3_LR
  Firmware Version: v2024.12.15
  Battery SOH:      92.5%
  Temperature:      0.0°C
  Voltage:          355.0V
  SOC:              65.0%
✓ Model 'Tesla_Model_3_LR' is verified and fully supported (Tesla Model 3 Long Range).
✓ Firmware 'v2024.12.15' matches supported profile requirements.
✓ All health, temperature, voltage, and SOC metrics are within safe boundaries.
=== Pre-Flight Diagnostics Completed Successfully ===
=== Starting Pre-Flight Diagnostics ===
Host OS detected: Linux 6.8.0
Python Version detected: 3.12.3
✓ Environment and OS verification PASSED.
✓ Hardware check: Simulation interface available (Simulation Mode)
Loaded vehicle status from: /opt/hlv_enhancement/config/vehicle_status.json
Applying simulated status preset for model: Tesla_Model_3_LR
Vehicle parameters to evaluate:
  Model:            Tesla_Model_3_LR
  Firmware Version: v2024.12.15
  Battery SOH:      92.5%
  Temperature:      45.0°C
  Voltage:          355.0V
  SOC:              65.0%
✓ Model 'Tesla_Model_3_LR' is verified and fully supported (Tesla Model 3 Long Range).
✓ Firmware 'v2024.12.15' matches supported profile requirements.
✓ All health, temperature, voltage, and SOC metrics are within safe boundaries.
=== Pre-Flight Diagnostics Completed Successfully ===
=== Starting Pre-Flight Diagnostics ===
Host OS detected: Linux 6.8.0
Python Version detected: 3.12.3
✓ Environment and OS verification PASSED.
✓ Hardware check: Simulation interface available (Simulation Mode)
Loaded vehicle status from: /opt/hlv_enhancement/config/vehicle_status.json
Applying simulated status preset for model: Tesla_Model_3_LR
Vehicle parameters to evaluate:
  Model:            Tesla_Model_3_LR
  Firmware Version: v2024.12.15
  Battery SOH:      92.5%
  Temperature:      -0.1°C
  Voltage:          355.0V
  SOC:              65.0%
✓ Model 'Tesla_Model_3_LR' is verified and fully supported (Tesla Model 3 Long Range).
✓ Firmware 'v2024.12.15' matches supported profile requirements.
CRITICAL: Diagnostics failed with the following safety violations:
  - Battery temperature (-0.1°C) is outside safe range (allowed: 0.0°C to 45.0°C)
Installation or execution blocked for vehicle safety.
=== Starting Pre-Flight Diagnostics ===
Host OS detected: Linux 6.8.0
Python Version detected: 3.12.3
✓ Environment and OS verification PASSED.
✓ Hardware check: Simulation interface available (Simulation Mode)
Loaded vehicle status from: /opt/hlv_enhancement/config/vehicle_status.json
Applying simulated status preset for model: Tesla_Model_3_LR
Vehicle parameters to evaluate:
  Model:            Tesla_Model_3_LR
  Firmware Version: v2024.12.15
  Battery SOH:      92.5%
  Temperature:      25.0°C
  Voltage:          299.0V
  SOC:              65.0%
✓ Model 'Tesla_Model_3_LR' is verified and fully supported (Tesla Model 3 Long Range).
✓ Firmware 'v2024.12.15' matches supported profile requirements.
CRITICAL: Diagnostics failed with the following safety violations:
  - Measured battery voltage (299.0V) is outside nominal profile bounds (allowed: 300.0V to 410.0V)
Installation or execution blocked for vehicle safety.
=== Starting Pre-Flight Diagnostics ===
Host OS detected: Linux 6.8.0
Python Version detected: 3.12.3
✓ Environment and OS verification PASSED.
✓ Hardware check: Simulation interface available (Simulation Mode)
Loaded vehicle status from: /opt/hlv_enhancement/config/vehicle_status.json
Applying simulated status preset for model: Tesla_Model_3_LR
Vehicle parameters to evaluate:
  Model:            Tesla_Model_3_LR
  Firmware Version: v2024.12.15
  Battery SOH:      92.5%
  Temperature:      25.0°C
  Voltage:          411.0V
  SOC:              65.0%
✓ Model 'Tesla_Model_3_LR' is verified and fully supported (Tesla Model 3 Long Range).
✓ Firmware 'v2024.12.15' matches supported profile requirements.
CRITICAL: Diagnostics failed with the following safety violations:
  - Measured battery voltage (411.0V) is outside nominal profile bounds (allowed: 300.0V to 410.0V)
Installation or execution blocked for vehicle safety.
=== Starting Pre-Flight Diagnostics ===
Host OS detected: Linux 6.8.0
Python Version detected: 3.12.3
✓ Environment and OS verification PASSED.
✓ Hardware check: Simulation interface available (Simulation Mode)
Loaded vehicle status from: /opt/hlv_enhancement/config/vehicle_status.json
Applying simulated status preset for model: Tesla_Model_3_LR
Vehicle parameters to evaluate:
  Model:            Tesla_Model_3_LR
  Firmware Version: v2024.12.15
  Battery SOH:      92.5%
  Temperature:      25.0°C
  Voltage:          355.0V
  SOC:              65.0%
✓ Model 'Tesla_Model_3_LR' is verified and fully supported (Tesla Model 3 Long Range).
✓ Firmware 'v2024.12.15' matches supported profile requirements.
✓ All health, temperature, voltage, and SOC metrics are within safe boundaries.
=== Pre-Flight Diagnostics Completed Successfully ===
=== Starting Pre-Flight Diagnostics ===
Host OS detected: Linux 6.8.0
Python Version detected: 3.12.3
✓ Environment and OS verification PASSED.
✓ Hardware check: Simulation interface available (Simulation Mode)
Loaded vehicle status from: /opt/hlv_enhancement/config/vehicle_status.json
Applying simulated status preset for model: Tesla_Model_3_LR
Vehicle parameters to evaluate:
  Model:            Tesla_Model_3_LR
  Firmware Version: v2024.12.15
  Battery SOH:      92.5%
  Temperature:      25.0°C
  Voltage:          355.0V
  SOC:              65.0%
✓ Model 'Tesla_Model_3_LR' is verified and fully supported (Tesla Model 3 Long Range).
✓ Firmware 'v2024.12.15' matches supported profile requirements.
✓ All health, temperature, voltage, and SOC metrics are within safe boundaries.
=== Pre-Flight Diagnostics Completed Successfully ===
=== Starting Pre-Flight Diagnostics ===
Host OS detected: Linux 6.8.0
Python Version detected: 3.12.3
✓ Environment and OS verification PASSED.
✓ Hardware check: Simulation interface available (Simulation Mode)
Loaded vehicle status from: /opt/hlv_enhancement/config/vehicle_status.json
Applying simulated status preset for model: Tesla_Model_3_LR
Vehicle parameters to evaluate:
  Model:            Tesla_Model_3_LR
  Firmware Version: v2024.12.15
  Battery SOH:      75.0%
  Temperature:      25.0°C
  Voltage:          355.0V
  SOC:              65.0%
✓ Model 'Tesla_Model_3_LR' is verified and fully supported (Tesla Model 3 Long Range).
✓ Firmware 'v2024.12.15' matches supported profile requirements.
CRITICAL: Diagnostics failed with the following safety violations:
  - Battery SOH (75.0%) is below safe enhancement threshold (min: 80.0%)
Installation or execution blocked for vehicle safety.
=== Starting Pre-Flight Diagnostics ===
Host OS detected: Linux 6.8.0
Python Version detected: 3.12.3
✓ Environment and OS verification PASSED.
✓ Hardware check: Simulation interface available (Simulation Mode)
Loaded vehicle status from: /opt/hlv_enhancement/config/vehicle_status.json
Applying simulated status preset for model: Tesla_Model_3_LR
Vehicle parameters to evaluate:
  Model:            Tesla_Model_3_LR
  Firmware Version: v2024.12.15
  Battery SOH:      92.5%
  Temperature:      25.0°C
  Voltage:          355.0V
  SOC:              65.0%
✓ Model 'Tesla_Model_3_LR' is verified and fully supported (Tesla Model 3 Long Range).
✓ Firmware 'v2024.12.15' matches supported profile requirements.
✓ All health, temperature, voltage, and SOC metrics are within safe boundaries.
=== Pre-Flight Diagnostics Completed Successfully ===
=== Starting Pre-Flight Diagnostics ===
Host OS detected: Linux 6.8.0
Python Version detected: 3.12.3
✓ Environment and OS verification PASSED.
✓ Hardware check: Simulation interface available (Simulation Mode)
Loaded vehicle status from: /opt/hlv_enhancement/config/vehicle_status.json
Applying simulated status preset for model: Tesla_Model_3_LR
Vehicle parameters to evaluate:
  Model:            Tesla_Model_3_LR
  Firmware Version: v2024.12.15
  Battery SOH:      92.5%
  Temperature:      25.0°C
  Voltage:          355.0V
  SOC:              90.1%
✓ Model 'Tesla_Model_3_LR' is verified and fully supported (Tesla Model 3 Long Range).
✓ Firmware 'v2024.12.15' matches supported profile requirements.
CRITICAL: Diagnostics failed with the following safety violations:
  - Battery State of Charge (90.1%) is outside ideal installation range (allowed: 20.0% to 90.0%)
Installation or execution blocked for vehicle safety.
=== Starting Pre-Flight Diagnostics ===
Host OS detected: Linux 6.8.0
Python Version detected: 3.12.3
✓ Environment and OS verification PASSED.
✓ Hardware check: Simulation interface available (Simulation Mode)
Loaded vehicle status from: /opt/hlv_enhancement/config/vehicle_status.json
Applying simulated status preset for model: Tesla_Model_3_LR
Vehicle parameters to evaluate:
  Model:            Tesla_Model_3_LR
  Firmware Version: v2024.12.15
  Battery SOH:      92.5%
  Temperature:      25.0°C
  Voltage:          355.0V
  SOC:              19.9%
✓ Model 'Tesla_Model_3_LR' is verified and fully supported (Tesla Model 3 Long Range).
✓ Firmware 'v2024.12.15' matches supported profile requirements.
CRITICAL: Diagnostics failed with the following safety violations:
  - Battery State of Charge (19.9%) is outside ideal installation range (allowed: 20.0% to 90.0%)
Installation or execution blocked for vehicle safety.
=== Starting Pre-Flight Diagnostics ===
Host OS detected: Linux 6.8.0
Python Version detected: 3.12.3
✓ Environment and OS verification PASSED.
✓ Hardware check: Simulation interface available (Simulation Mode)
Loaded vehicle status from: /opt/hlv_enhancement/config/vehicle_status.json
Applying simulated status preset for model: Tesla_Model_3_LR
Vehicle parameters to evaluate:
  Model:            Tesla_Model_3_LR
  Firmware Version: v2024.12.15
  Battery SOH:      92.5%
  Temperature:      25.0°C
  Voltage:          355.0V
  SOC:              20.0%
✓ Model 'Tesla_Model_3_LR' is verified and fully supported (Tesla Model 3 Long Range).
✓ Firmware 'v2024.12.15' matches supported profile requirements.
✓ All health, temperature, voltage, and SOC metrics are within safe boundaries.
=== Pre-Flight Diagnostics Completed Successfully ===
=== Starting Pre-Flight Diagnostics ===
Host OS detected: Linux 6.8.0
Python Version detected: 3.12.3
✓ Environment and OS verification PASSED.
✓ Hardware check: Simulation interface available (Simulation Mode)
Loaded vehicle status from: /opt/hlv_enhancement/config/vehicle_status.json
Applying simulated status preset for model: Tesla_Model_3_LR
Vehicle parameters to evaluate:
  Model:            Tesla_Model_3_LR
  Firmware Version: v2024.12.15
  Battery SOH:      92.5%
  Temperature:      25.0°C
  Voltage:          355.0V
  SOC:              90.0%
✓ Model 'Tesla_Model_3_LR' is verified and fully supported (Tesla Model 3 Long Range).
✓ Firmware 'v2024.12.15' matches supported profile requirements.
✓ All health, temperature, voltage, and SOC metrics are within safe boundaries.
=== Pre-Flight Diagnostics Completed Successfully ===
=== Starting Pre-Flight Diagnostics ===
Host OS detected: Linux 6.8.0
Python Version detected: 3.12.3
✓ Environment and OS verification PASSED.
✓ Hardware check: Simulation interface available (Simulation Mode)
Loaded vehicle status from: /opt/hlv_enhancement/config/vehicle_status.json
Applying simulated status preset for model: Tesla_Model_3_LR
Vehicle parameters to evaluate:
  Model:            Tesla_Model_3_LR
  Firmware Version: v2024.12.15
  Battery SOH:      79.9%
  Temperature:      25.0°C
  Voltage:          355.0V
  SOC:              65.0%
✓ Model 'Tesla_Model_3_LR' is verified and fully supported (Tesla Model 3 Long Range).
✓ Firmware 'v2024.12.15' matches supported profile requirements.
CRITICAL: Diagnostics failed with the following safety violations:
  - Battery SOH (79.9%) is below safe enhancement threshold (min: 80.0%)
Installation or execution blocked for vehicle safety.
=== Starting Pre-Flight Diagnostics ===
Host OS detected: Linux 6.8.0
Python Version detected: 3.12.3
✓ Environment and OS verification PASSED.
✓ Hardware check: Simulation interface available (Simulation Mode)
Loaded vehicle status from: /opt/hlv_enhancement/config/vehicle_status.json
Applying simulated status preset for model: Tesla_Model_3_LR
Vehicle parameters to evaluate:
  Model:            Tesla_Model_3_LR
  Firmware Version: v2024.12.15
  Battery SOH:      80.0%
  Temperature:      25.0°C
  Voltage:          355.0V
  SOC:              65.0%
✓ Model 'Tesla_Model_3_LR' is verified and fully supported (Tesla Model 3 Long Range).
✓ Firmware 'v2024.12.15' matches supported profile requirements.
✓ All health, temperature, voltage, and SOC metrics are within safe boundaries.
=== Pre-Flight Diagnostics Completed Successfully ===
=== Starting Pre-Flight Diagnostics ===
Host OS detected: Linux 6.8.0
Python Version detected: 3.12.3
✓ Environment and OS verification PASSED.
✓ Hardware check: Simulation interface available (Simulation Mode)
Loaded vehicle status from: /opt/hlv_enhancement/config/vehicle_status.json
Applying simulated status preset for model: Tesla_Model_3_LR
Vehicle parameters to evaluate:
  Model:            Tesla_Model_3_LR
  Firmware Version: v2024.12.15
  Battery SOH:      90.0%
  Temperature:      25.0°C
  Voltage:          355.0V
  SOC:              65.0%
✓ Model 'Tesla_Model_3_LR' is verified and fully supported (Tesla Model 3 Long Range).
✓ Firmware 'v2024.12.15' matches supported profile requirements.
✓ All health, temperature, voltage, and SOC metrics are within safe boundaries.
=== Pre-Flight Diagnostics Completed Successfully ===
=== Starting Pre-Flight Diagnostics ===
Host OS detected: Linux 6.8.0
Python Version detected: 3.12.3
✓ Environment and OS verification PASSED.
✓ Hardware check: Simulation interface available (Simulation Mode)
Loaded vehicle status from: /opt/hlv_enhancement/config/vehicle_status.json
Applying simulated status preset for model: Tesla_Model_3_LR
Vehicle parameters to evaluate:
  Model:            Tesla_Model_3_LR
  Firmware Version: v2024.12.15
  Battery SOH:      92.5%
  Temperature:      45.1°C
  Voltage:          355.0V
  SOC:              65.0%
✓ Model 'Tesla_Model_3_LR' is verified and fully supported (Tesla Model 3 Long Range).
✓ Firmware 'v2024.12.15' matches supported profile requirements.
CRITICAL: Diagnostics failed with the following safety violations:
  - Battery temperature (45.1°C) is outside safe range (allowed: 0.0°C to 45.0°C)
Installation or execution blocked for vehicle safety.
=== Starting Pre-Flight Diagnostics ===
Host OS detected: Linux 6.8.0
Python Version detected: 3.12.3
✓ Environment and OS verification PASSED.
✓ Hardware check: Simulation interface available (Simulation Mode)
Loaded vehicle status from: /opt/hlv_enhancement/config/vehicle_status.json
Applying simulated status preset for model: Tesla_Model_3_LR
Vehicle parameters to evaluate:
  Model:            Tesla_Model_3_LR
  Firmware Version: v2024.12.15
  Battery SOH:      92.5%
  Temperature:      0.0°C
  Voltage:          355.0V
  SOC:              65.0%
✓ Model 'Tesla_Model_3_LR' is verified and fully supported (Tesla Model 3 Long Range).
✓ Firmware 'v2024.12.15' matches supported profile requirements.
✓ All health, temperature, voltage, and SOC metrics are within safe boundaries.
=== Pre-Flight Diagnostics Completed Successfully ===
=== Starting Pre-Flight Diagnostics ===
Host OS detected: Linux 6.8.0
Python Version detected: 3.12.3
✓ Environment and OS verification PASSED.
✓ Hardware check: Simulation interface available (Simulation Mode)
Loaded vehicle status from: /opt/hlv_enhancement/config/vehicle_status.json
Applying simulated status preset for model: Tesla_Model_3_LR
Vehicle parameters to evaluate:
  Model:            Tesla_Model_3_LR
  Firmware Version: v2024.12.15
  Battery SOH:      92.5%
  Temperature:      45.0°C
  Voltage:          355.0V
  SOC:              65.0%
✓ Model 'Tesla_Model_3_LR' is verified and fully supported (Tesla Model 3 Long Range).
✓ Firmware 'v2024.12.15' matches supported profile requirements.
✓ All health, temperature, voltage, and SOC metrics are within safe boundaries.
=== Pre-Flight Diagnostics Completed Successfully ===
=== Starting Pre-Flight Diagnostics ===
Host OS detected: Linux 6.8.0
Python Version detected: 3.12.3
✓ Environment and OS verification PASSED.
✓ Hardware check: Simulation interface available (Simulation Mode)
Loaded vehicle status from: /opt/hlv_enhancement/config/vehicle_status.json
Applying simulated status preset for model: Tesla_Model_3_LR
Vehicle parameters to evaluate:
  Model:            Tesla_Model_3_LR
  Firmware Version: v2024.12.15
  Battery SOH:      92.5%
  Temperature:      -0.1°C
  Voltage:          355.0V
  SOC:              65.0%
✓ Model 'Tesla_Model_3_LR' is verified and fully supported (Tesla Model 3 Long Range).
✓ Firmware 'v2024.12.15' matches supported profile requirements.
CRITICAL: Diagnostics failed with the following safety violations:
  - Battery temperature (-0.1°C) is outside safe range (allowed: 0.0°C to 45.0°C)
Installation or execution blocked for vehicle safety.
=== Starting Pre-Flight Diagnostics ===
Host OS detected: Linux 6.8.0
Python Version detected: 3.12.3
✓ Environment and OS verification PASSED.
✓ Hardware check: Simulation interface available (Simulation Mode)
Loaded vehicle status from: /opt/hlv_enhancement/config/vehicle_status.json
Applying simulated status preset for model: Tesla_Model_3_LR
Vehicle parameters to evaluate:
  Model:            Tesla_Model_3_LR
  Firmware Version: v2024.12.15
  Battery SOH:      92.5%
  Temperature:      25.0°C
  Voltage:          299.0V
  SOC:              65.0%
✓ Model 'Tesla_Model_3_LR' is verified and fully supported (Tesla Model 3 Long Range).
✓ Firmware 'v2024.12.15' matches supported profile requirements.
CRITICAL: Diagnostics failed with the following safety violations:
  - Measured battery voltage (299.0V) is outside nominal profile bounds (allowed: 300.0V to 410.0V)
Installation or execution blocked for vehicle safety.
=== Starting Pre-Flight Diagnostics ===
Host OS detected: Linux 6.8.0
Python Version detected: 3.12.3
✓ Environment and OS verification PASSED.
✓ Hardware check: Simulation interface available (Simulation Mode)
Loaded vehicle status from: /opt/hlv_enhancement/config/vehicle_status.json
Applying simulated status preset for model: Tesla_Model_3_LR
Vehicle parameters to evaluate:
  Model:            Tesla_Model_3_LR
  Firmware Version: v2024.12.15
  Battery SOH:      92.5%
  Temperature:      25.0°C
  Voltage:          411.0V
  SOC:              65.0%
✓ Model 'Tesla_Model_3_LR' is verified and fully supported (Tesla Model 3 Long Range).
✓ Firmware 'v2024.12.15' matches supported profile requirements.
CRITICAL: Diagnostics failed with the following safety violations:
  - Measured battery voltage (411.0V) is outside nominal profile bounds (allowed: 300.0V to 410.0V)
Installation or execution blocked for vehicle safety.
=== Starting Pre-Flight Diagnostics ===
Host OS detected: Linux 6.8.0
Python Version detected: 3.12.3
✓ Environment and OS verification PASSED.
✓ Hardware check: Simulation interface available (Simulation Mode)
Loaded vehicle status from: /opt/hlv_enhancement/config/vehicle_status.json
Applying simulated status preset for model: Tesla_Model_3_LR
Vehicle parameters to evaluate:
  Model:            Tesla_Model_3_LR
  Firmware Version: v2024.12.15
  Battery SOH:      92.5%
  Temperature:      25.0°C
  Voltage:          355.0V
  SOC:              65.0%
✓ Model 'Tesla_Model_3_LR' is verified and fully supported (Tesla Model 3 Long Range).
✓ Firmware 'v2024.12.15' matches supported profile requirements.
✓ All health, temperature, voltage, and SOC metrics are within safe boundaries.
=== Pre-Flight Diagnostics Completed Successfully ===
